#
# A fatal error has been detected by the Java Runtime Environment:
#
#  EXCEPTION_ACCESS_VIOLATION (0xc0000005) at pc=0x00007ff9cf9a3004, pid=23828, tid=8864
#
# JRE version: OpenJDK Runtime Environment (24.0+36) (build 24+36-3646)
# Java VM: OpenJDK 64-Bit Server VM (24+36-3646, mixed mode, sharing, tiered, compressed oops, compressed class ptrs, g1 gc, windows-amd64)
# Problematic frame:
# C  [libasyncProfiler.dll+0x93004]
#
# No core dump will be written. Minidumps are not enabled by default on client versions of Windows
#
# JFR recording file will be written. Location: D:\EISA_PC\Documents\JavaProjects\Physics\PhysicsProjects\hs_err_pid23828.jfr
#
# If you would like to submit a bug report, please visit:
#   https://bugreport.java.com/bugreport/crash.jsp
# The crash happened outside the Java Virtual Machine in native code.
# See problematic frame for where to report the bug.
#

---------------  S U M M A R Y ------------

Command Line: -javaagent:C:\Program Files\JetBrains\IntelliJ IDEA 2024.3.5\lib\idea_rt.jar=55635 -Dfile.encoding=UTF-8 -Dsun.stdout.encoding=UTF-8 -Dsun.stderr.encoding=UTF-8 Extras.Window

Host: AMD Ryzen 5 5600X 6-Core Processor             , 12 cores, 15G,  Windows 11 , 64 bit Build 26100 (10.0.26100.3912)
Time: Tue May 27 23:22:01 2025 W. Europe Daylight Time elapsed time: 34.555180 seconds (0d 0h 0m 34s)

---------------  T H R E A D  ---------------

Current thread (0x000001fd5068e390):  JavaThread "Attach Listener" daemon [_thread_in_native, id=8864, stack(0x0000001e31600000,0x0000001e31700000) (1024K)]

Stack: [0x0000001e31600000,0x0000001e31700000],  sp=0x0000001e316ff320,  free space=1020k
Native frames: (J=compiled Java code, j=interpreted, Vv=VM code, C=native code)
C  [libasyncProfiler.dll+0x93004]  (no source info available)
C  [libasyncProfiler.dll+0x934db]  (no source info available)
C  [libasyncProfiler.dll+0x92134]  (no source info available)
C  [libasyncProfiler.dll+0x929aa]  (no source info available)
C  [libasyncProfiler.dll+0x8d561]  (no source info available)
C  [libasyncProfiler.dll+0x7ef21]  (no source info available)
C  [libasyncProfiler.dll+0x7dc38]  (no source info available)
C  [libasyncProfiler.dll+0x7db20]  (no source info available)
C  [libasyncProfiler.dll+0x84af9]  (no source info available)
V  [jvm.dll+0x57f1b7]  (no source info available)
V  [jvm.dll+0x57ff2c]  (no source info available)
V  [jvm.dll+0x14c9b7]  (no source info available)
V  [jvm.dll+0x14df81]  (no source info available)
V  [jvm.dll+0x42f566]  (no source info available)
V  [jvm.dll+0x87d8fb]  (no source info available)
V  [jvm.dll+0x72efe5]  (no source info available)
C  [ucrtbase.dll+0x37b0]  (no source info available)
C  [KERNEL32.DLL+0x2e8d7]  (no source info available)
C  [ntdll.dll+0x9c5dc]  (no source info available)


siginfo: EXCEPTION_ACCESS_VIOLATION (0xc0000005), reading address 0xffffffffffffffff


Registers:
RAX=0x0000000000000010, RBX=0x0000000000000000, RCX=0xffffffffffffffff, RDX=0x007ff9d07f2ff010
RSP=0x0000001e316ff320, RBP=0x000001fd50a43388, RSI=0x0000001e316ff490, RDI=0x000001fd50a43388
R8 =0x0000000000000042, R9 =0x000000070e200000, R10=0x00007ff9d0a69fc0, R11=0x0000000000000004
R12=0x0000001e316ff490, R13=0x000001fd96e04c50, R14=0x000001fd5068e758, R15=0x000001fd5068e758
RIP=0x00007ff9cf9a3004, EFLAGS=0x0000000000010202

XMM[0]=0x0000000000000000 0x0000000000000000
XMM[1]=0x0000000000000000 0x0000000000000000
XMM[2]=0x0000000000000000 0x0000000000000000
XMM[3]=0x0000000000000000 0x0000000000000000
XMM[4]=0x0000000000000000 0x0000000000000000
XMM[5]=0x0000000000000000 0x0000000000000000
XMM[6]=0x0000000000000000 0x0000000000000000
XMM[7]=0x0000000000000000 0x0000000000000000
XMM[8]=0x0000000000000000 0x0000000000000000
XMM[9]=0x0000000000000000 0x0000000000000000
XMM[10]=0x0000000000000000 0x0000000000000000
XMM[11]=0x0000000000000000 0x0000000000000000
XMM[12]=0x0000000000000000 0x0000000000000000
XMM[13]=0x0000000000000000 0x0000000000000000
XMM[14]=0x0000000000000000 0x0000000000000000
XMM[15]=0x0000000000000000 0x0000000000000000
  MXCSR=0x00001fa0


Register to memory mapping:

RAX=0x0000000000000010 is an unknown value
RBX=0x0 is null
RCX=0xffffffffffffffff is an unknown value
RDX=0x007ff9d07f2ff010 is an unknown value
RSP=0x0000001e316ff320 is pointing into the stack for thread: 0x000001fd5068e390
RBP=0x000001fd50a43388 points into unknown readable memory: 0x000000070e200000 | 00 00 20 0e 07 00 00 00
RSI=0x0000001e316ff490 is pointing into the stack for thread: 0x000001fd5068e390
RDI=0x000001fd50a43388 points into unknown readable memory: 0x000000070e200000 | 00 00 20 0e 07 00 00 00
R8 =0x0000000000000042 is an unknown value
R9 =0x000000070e200000 is an oop: java.lang.ref.Reference$ReferenceHandler
{0x000000070e200000} - klass: 'java/lang/ref/Reference$ReferenceHandler' - flags:

 - ---- fields (total size 14 words):
 - 'threadLocalRandomProbe' 'I' @12  0 (0x00000000)
 - private volatile 'eetop' 'J' @16  2187487378576 (0x000001fd50687c90)
 - private final 'tid' 'J' @24  14 (0x000000000000000e)
 - 'threadLocalRandomSeed' 'J' @32  0 (0x0000000000000000)
 - injected 'jvmti_thread_state' 'J' @40  2188672214208 (0x000001fd9707a4c0)
 - 'threadLocalRandomSecondarySeed' 'I' @48  0 (0x00000000)
 - injected 'jvmti_VTMS_transition_disable_count' 'I' @52  0 (0x00000000)
 - injected 'jfr_epoch' 'S' @56  0 (0x0000)
 - volatile 'interrupted' 'Z' @58  false (0x00)
 - injected 'jvmti_is_in_VTMS_transition' 'Z' @59  false (0x00)
 - private volatile 'name' 'Ljava/lang/String;' @60  "Reference Handler"{0x00000007ffe0a470} (0xfffc148e)
 - private volatile 'contextClassLoader' 'Ljava/lang/ClassLoader;' @64  null (0x00000000)
 - private final 'holder' 'Ljava/lang/Thread$FieldHolder;' @68  a 'java/lang/Thread$FieldHolder'{0x000000070e34a7e0} (0xe1c694fc)
 - 'threadLocals' 'Ljava/lang/ThreadLocal$ThreadLocalMap;' @72  null (0x00000000)
 - 'inheritableThreadLocals' 'Ljava/lang/ThreadLocal$ThreadLocalMap;' @76  null (0x00000000)
 - private 'scopedValueBindings' 'Ljava/lang/Object;' @80  a 'java/lang/Class'{0x00000007ffe7c280} = 'java/lang/Thread' (0xfffcf850)
 - final 'interruptLock' 'Ljava/lang/Object;' @84  a 'java/lang/Object'{0x000000070e34a7d0} (0xe1c694fa)
 - private volatile 'parkBlocker' 'Ljava/lang/Object;' @88  null (0x00000000)
 - private 'nioBlocker' 'Lsun/nio/ch/Interruptible;' @92  null (0x00000000)
 - private 'cont' 'Ljdk/internal/vm/Continuation;' @96  null (0x00000000)
 - private volatile 'uncaughtExceptionHandler' 'Ljava/lang/Thread$UncaughtExceptionHandler;' @100  null (0x00000000)
 - private 'container' 'Ljdk/internal/vm/ThreadContainer;' @104  null (0x00000000)
 - private volatile 'headStackableScopes' 'Ljdk/internal/vm/StackableScope;' @108  null (0x00000000)
R10=0x00007ff9d0a69fc0 jvm.dll
R11=0x0000000000000004 is an unknown value
R12=0x0000001e316ff490 is pointing into the stack for thread: 0x000001fd5068e390
R13=0x000001fd96e04c50 points into unknown readable memory: 0x00007ff9d09da510 | 10 a5 9d d0 f9 7f 00 00
R14=0x000001fd5068e758 points into unknown readable memory: 0x00007ff9d09d17b0 | b0 17 9d d0 f9 7f 00 00
R15=0x000001fd5068e758 points into unknown readable memory: 0x00007ff9d09d17b0 | b0 17 9d d0 f9 7f 00 00

Top of Stack: (sp=0x0000001e316ff320)
0x0000001e316ff320:   0000001e316ff490 000001fd50a43388   ..o1.....3.P....
0x0000001e316ff330:   0000000000000000 000001fd50694760   ........`GiP....
0x0000001e316ff340:   0000000000000049 00007ff9cf9a34db   I........4......
0x0000001e316ff350:   0000000000000000 000001fd5068e758   ........X.hP....
0x0000001e316ff360:   0000001e316ff401 0000000000000000   ..o1............
0x0000001e316ff370:   000001fd9759c980 00007ff9cf9a2134   ..Y.....4!......
0x0000001e316ff380:   0000000000000000 0000000000000049   ........I.......
0x0000001e316ff390:   0000000000000000 0000000000000049   ........I.......
0x0000001e316ff3a0:   0000001400000002 000001fd50824e60   ........`N.P....
0x0000001e316ff3b0:   000001fd9759c980 000001fd9759caa4   ..Y.......Y.....
0x0000001e316ff3c0:   000001fd9759caf8 00000000000008d4   ..Y.............
0x0000001e316ff3d0:   0000000000000000 0000000000000000   ................
0x0000001e316ff3e0:   0000000000000000 00007ff9d02358e4   .........X#.....
0x0000001e316ff3f0:   00007ff9cfafae00 0000000000005d14   .........]......
0x0000001e316ff400:   00007ff9cfafae00 00000000ffffffff   ................
0x0000001e316ff410:   0000000000000000 00007ff9cf9a29aa   .........)......
0x0000001e316ff420:   000001fd5068e758 0000000000000000   X.hP............
0x0000001e316ff430:   0000001e316ff499 000001fd96e04c50   ..o1....PL......
0x0000001e316ff440:   0000000000000004 0000000000000048   ........H.......
0x0000001e316ff450:   0000000800800310 0000000000000020   ........ .......
0x0000001e316ff460:   000001fd5068e758 00007ff9cfafae00   X.hP............
0x0000001e316ff470:   000001fd50542410 000001fd9707a4c0   .$TP............
0x0000001e316ff480:   0000000800800390 000001fd5068e758   ........X.hP....
0x0000001e316ff490:   000001fda023a350 000001fda023ac70   P.#.....p.#.....
0x0000001e316ff4a0:   000001fda023ac70 00007ff9cfafae00   p.#.............
0x0000001e316ff4b0:   000001fd50a6c528 0000001e316ff628   (..P....(.o1....
0x0000001e316ff4c0:   0000001e316ff760 0000000000008840   `.o1....@.......
0x0000001e316ff4d0:   0000001e316ff940 00007ff9cfafae50   @.o1....P.......
0x0000001e316ff4e0:   0000000000989680 0000000000989680   ................
0x0000001e316ff4f0:   0000001e316ff600 00007ff9cf99d561   ..o1....a.......
0x0000001e316ff500:   00007ff9cfafae00 00007ff9cfafae58   ........X.......
0x0000001e316ff510:   00007ff900000000 00007ff900000001   ................

Instructions: (pc=0x00007ff9cf9a3004)
  0x00007ff9cf9a2f04:   cc cc cc cc cc cc cc cc cc cc cc cc cc cc cc cc
  0x00007ff9cf9a2f14:   cc cc cc cc cc cc cc cc cc cc cc cc cc cc cc cc
  0x00007ff9cf9a2f24:   cc cc cc cc cc cc cc cc cc cc cc cc cc cc cc cc
  0x00007ff9cf9a2f34:   cc cc cc cc cc cc cc cc cc cc cc cc cc cc cc cc
  0x00007ff9cf9a2f44:   cc cc cc cc cc cc cc cc cc cc cc cc cc cc cc cc
  0x00007ff9cf9a2f54:   cc cc cc cc cc cc cc cc cc cc cc cc cc cc cc cc
  0x00007ff9cf9a2f64:   cc cc cc cc cc cc cc cc cc cc cc cc cc cc cc cc
  0x00007ff9cf9a2f74:   cc cc cc cc cc cc cc cc cc cc cc cc cc cc cc cc
  0x00007ff9cf9a2f84:   cc cc cc cc cc cc cc cc cc cc cc cc 40 57 48 83
  0x00007ff9cf9a2f94:   ec 20 48 8b f9 48 8b 0d 30 80 15 00 48 85 c9 74
  0x00007ff9cf9a2fa4:   20 48 8b 01 48 8d 54 24 38 41 b8 06 00 01 00 4c
  0x00007ff9cf9a2fb4:   8b 48 30 41 ff d1 85 c0 75 07 48 8b 4c 24 38 eb
  0x00007ff9cf9a2fc4:   02 33 c9 4c 8b 05 0a 81 15 00 48 89 5c 24 30 4d
  0x00007ff9cf9a2fd4:   85 c0 74 4a 48 8b 01 48 8b d7 4c 8b 88 28 03 00
  0x00007ff9cf9a2fe4:   00 41 ff d1 48 85 c0 74 35 48 63 0d b8 3d 15 00
  0x00007ff9cf9a2ff4:   48 8b 14 01 48 85 d2 74 15 48 63 05 bc 3d 15 00
=>0x00007ff9cf9a3004:   8b 04 10 48 8b 5c 24 30 48 83 c4 20 5f c3 b8 ff
  0x00007ff9cf9a3014:   ff ff ff 48 8b 5c 24 30 48 83 c4 20 5f c3 80 3d
  0x00007ff9cf9a3024:   bb 7f 15 00 00 bb ff ff ff ff 74 20 4c 8b 0d 51
  0x00007ff9cf9a3034:   7c 15 00 4c 8d 44 24 38 48 8b 0d 35 7c 15 00 48
  0x00007ff9cf9a3044:   8b d7 41 ff d1 85 c0 0f 44 5c 24 38 8b c3 48 8b
  0x00007ff9cf9a3054:   5c 24 30 48 83 c4 20 5f c3 cc cc cc cc cc cc cc
  0x00007ff9cf9a3064:   cc cc cc cc cc cc cc cc cc cc cc cc cc cc cc cc
  0x00007ff9cf9a3074:   cc cc cc cc cc cc cc cc cc cc cc cc cc cc cc cc
  0x00007ff9cf9a3084:   cc cc cc cc cc cc cc cc cc cc cc cc 48 89 54 24
  0x00007ff9cf9a3094:   10 53 55 56 57 41 56 41 57 48 83 ec 28 48 8b f2
  0x00007ff9cf9a30a4:   4c 8b f1 48 89 4c 24 78 45 33 ff 44 89 7c 24 68
  0x00007ff9cf9a30b4:   c7 44 24 60 01 00 00 00 48 8d 4c 24 68 e8 69 3c
  0x00007ff9cf9a30c4:   f7 ff 8b d8 48 8d 4c 24 60 e8 5d 3c f7 ff 8b e8
  0x00007ff9cf9a30d4:   49 8b ce e8 33 f3 f6 ff 48 8b f8 90 8b c3 f0 0f
  0x00007ff9cf9a30e4:   b1 2f 74 04 f3 90 eb f4 4c 89 3e 4c 89 7e 08 4c
  0x00007ff9cf9a30f4:   89 7e 10 49 8b 6e 08 4d 8b 76 10 49 3b ee 0f 84


Stack slot to memory mapping:

stack at sp + 0 slots: 0x0000001e316ff490 is pointing into the stack for thread: 0x000001fd5068e390
stack at sp + 1 slots: 0x000001fd50a43388 points into unknown readable memory: 0x000000070e200000 | 00 00 20 0e 07 00 00 00
stack at sp + 2 slots: 0x0 is null
stack at sp + 3 slots: 0x000001fd50694760 points into unknown readable memory: 0x6e616c2e6176616a | 6a 61 76 61 2e 6c 61 6e
stack at sp + 4 slots: 0x0000000000000049 is an unknown value
stack at sp + 5 slots: 0x00007ff9cf9a34db libasyncProfiler.dll
stack at sp + 6 slots: 0x0 is null
stack at sp + 7 slots: 0x000001fd5068e758 points into unknown readable memory: 0x00007ff9d09d17b0 | b0 17 9d d0 f9 7f 00 00

Lock stack of current Java thread (top to bottom):


---------------  P R O C E S S  ---------------

Threads class SMR info:
_java_thread_list=0x000001fd96c0e170, length=25, elements={
0x000001fd50687c90, 0x000001fd5068a150, 0x000001fd506916c0, 0x000001fd5068e390,
0x000001fd5068eae0, 0x000001fd5068f230, 0x000001fd506aaf50, 0x000001fd506ae8b0,
0x000001fd5068f980, 0x000001fd50690f70, 0x000001fd506900d0, 0x000001fd50690820,
0x000001fd50a75240, 0x000001fd50a76830, 0x000001fd50a776d0, 0x000001fd50a75990,
0x000001fd50a74af0, 0x000001fd50a760e0, 0x000001fd50a743a0, 0x000001fd50a7a2b0,
0x000001fd50a76f80, 0x000001fd50a79b60, 0x000001fd97008d10, 0x000001fd50a78cc0,
0x000001fd50a77e20
}

Java Threads: ( => current thread )
  0x000001fd50687c90 JavaThread "Reference Handler"          daemon [_thread_blocked, id=12120, stack(0x0000001e31300000,0x0000001e31400000) (1024K)]
  0x000001fd5068a150 JavaThread "Finalizer"                  daemon [_thread_blocked, id=28992, stack(0x0000001e31400000,0x0000001e31500000) (1024K)]
  0x000001fd506916c0 JavaThread "Signal Dispatcher"          daemon [_thread_blocked, id=2584, stack(0x0000001e31500000,0x0000001e31600000) (1024K)]
=>0x000001fd5068e390 JavaThread "Attach Listener"            daemon [_thread_in_native, id=8864, stack(0x0000001e31600000,0x0000001e31700000) (1024K)]
  0x000001fd5068eae0 JavaThread "Service Thread"             daemon [_thread_blocked, id=404, stack(0x0000001e31700000,0x0000001e31800000) (1024K)]
  0x000001fd5068f230 JavaThread "Monitor Deflation Thread"   daemon [_thread_blocked, id=11848, stack(0x0000001e31800000,0x0000001e31900000) (1024K)]
  0x000001fd506aaf50 JavaThread "C2 CompilerThread0"         daemon [_thread_blocked, id=19320, stack(0x0000001e31900000,0x0000001e31a00000) (1024K)]
  0x000001fd506ae8b0 JavaThread "C1 CompilerThread0"         daemon [_thread_blocked, id=22196, stack(0x0000001e31a00000,0x0000001e31b00000) (1024K)]
  0x000001fd5068f980 JavaThread "Common-Cleaner"             daemon [_thread_blocked, id=23456, stack(0x0000001e31b00000,0x0000001e31c00000) (1024K)]
  0x000001fd50690f70 JavaThread "Monitor Ctrl-Break"         daemon [_thread_in_native, id=23692, stack(0x0000001e31c00000,0x0000001e31d00000) (1024K)]
  0x000001fd506900d0 JavaThread "Notification Thread"        daemon [_thread_blocked, id=3768, stack(0x0000001e31d00000,0x0000001e31e00000) (1024K)]
  0x000001fd50690820 JavaThread "Java2D Disposer"            daemon [_thread_blocked, id=29824, stack(0x0000001e31e00000,0x0000001e31f00000) (1024K)]
  0x000001fd50a75240 JavaThread "AWT-Shutdown"                      [_thread_blocked, id=26680, stack(0x0000001e31f00000,0x0000001e32000000) (1024K)]
  0x000001fd50a76830 JavaThread "AWT-Windows"                daemon [_thread_in_native, id=3224, stack(0x0000001e32000000,0x0000001e32100000) (1024K)]
  0x000001fd50a776d0 JavaThread "RMI TCP Accept-0"           daemon [_thread_in_native, id=21992, stack(0x0000001e32600000,0x0000001e32700000) (1024K)]
  0x000001fd50a75990 JavaThread "RMI TCP Connection(1)-192.168.178.22" daemon [_thread_in_native, id=16876, stack(0x0000001e32700000,0x0000001e32800000) (1024K)]
  0x000001fd50a74af0 JavaThread "RMI Scheduler(0)"           daemon [_thread_blocked, id=18564, stack(0x0000001e32800000,0x0000001e32900000) (1024K)]
  0x000001fd50a760e0 JavaThread "JMX server connection timeout 35" daemon [_thread_blocked, id=10444, stack(0x0000001e32900000,0x0000001e32a00000) (1024K)]
  0x000001fd50a743a0 JavaThread "TimerQueue"                 daemon [_thread_blocked, id=14784, stack(0x0000001e32a00000,0x0000001e32b00000) (1024K)]
  0x000001fd50a7a2b0 JavaThread "AWT-EventQueue-0"                  [_thread_blocked, id=1408, stack(0x0000001e32b00000,0x0000001e32c00000) (1024K)]
  0x000001fd50a76f80 JavaThread "DestroyJavaVM"                     [_thread_blocked, id=12400, stack(0x0000001e30b00000,0x0000001e30c00000) (1024K)]
  0x000001fd50a79b60 JavaThread "D3D Screen Updater"         daemon [_thread_blocked, id=9512, stack(0x0000001e32c00000,0x0000001e32d00000) (1024K)]
  0x000001fd97008d10 JavaThread "C2 CompilerThread1"         daemon [_thread_blocked, id=8652, stack(0x0000001e32100000,0x0000001e32200000) (1024K)]
  0x000001fd50a78cc0 JavaThread "JFR Recorder Thread"        daemon [_thread_in_native, id=24796, stack(0x0000001e33520000,0x0000001e33620000) (1024K)]
  0x000001fd50a77e20 JavaThread "JFR Periodic Tasks"         daemon [_thread_blocked, id=2260, stack(0x0000001e33620000,0x0000001e33720000) (1024K)]
Total: 25

Other Threads:
  0x000001fd506763f0 VMThread "VM Thread"                           [id=19396, stack(0x0000001e31200000,0x0000001e31300000) (1024K)]
  0x000001fd50547ce0 WatcherThread "VM Periodic Task Thread"        [id=10404, stack(0x0000001e31100000,0x0000001e31200000) (1024K)]
  0x000001fd30b45e60 WorkerThread "GC Thread#0"                     [id=28140, stack(0x0000001e30c00000,0x0000001e30d00000) (1024K)]
  0x000001fd96df2de0 WorkerThread "GC Thread#1"                     [id=22004, stack(0x0000001e32200000,0x0000001e32300000) (1024K)]
  0x000001fd96df2680 WorkerThread "GC Thread#2"                     [id=16680, stack(0x0000001e32400000,0x0000001e32500000) (1024K)]
  0x000001fd96df3190 WorkerThread "GC Thread#3"                     [id=2016, stack(0x0000001e32d20000,0x0000001e32e20000) (1024K)]
  0x000001fd96df3540 WorkerThread "GC Thread#4"                     [id=7208, stack(0x0000001e32e20000,0x0000001e32f20000) (1024K)]
  0x000001fd961c5bd0 WorkerThread "GC Thread#5"                     [id=26184, stack(0x0000001e32f20000,0x0000001e33020000) (1024K)]
  0x000001fd961c5820 WorkerThread "GC Thread#6"                     [id=30704, stack(0x0000001e33020000,0x0000001e33120000) (1024K)]
  0x000001fd961c8bc0 WorkerThread "GC Thread#7"                     [id=29336, stack(0x0000001e33120000,0x0000001e33220000) (1024K)]
  0x000001fd30b5bc10 ConcurrentGCThread "G1 Main Marker"            [id=28600, stack(0x0000001e30d00000,0x0000001e30e00000) (1024K)]
  0x000001fd30b5cec0 WorkerThread "G1 Conc#0"                       [id=24888, stack(0x0000001e30e00000,0x0000001e30f00000) (1024K)]
  0x000001fd505339f0 ConcurrentGCThread "G1 Refine#0"               [id=13080, stack(0x0000001e30f00000,0x0000001e31000000) (1024K)]
  0x000001fd50534220 ConcurrentGCThread "G1 Service"                [id=4180, stack(0x0000001e31000000,0x0000001e31100000) (1024K)]
Total: 14

Threads with active compile tasks:
Total: 0

VM state: not at safepoint (normal execution)

VM Mutex/Monitor currently owned by a thread: None

Heap address: 0x0000000701400000, size: 4076 MB, Compressed Oops mode: Zero based, Oop shift amount: 3

CDS archive(s) mapped at: [0x000001fd51000000-0x000001fd51d40000-0x000001fd51d40000), size 13893632, SharedBaseAddress: 0x000001fd51000000, ArchiveRelocationMode: 1.
Compressed class space mapped at: 0x000001fd52000000-0x000001fd92000000, reserved size: 1073741824
UseCompressedClassPointers 1, UseCompactObjectHeaders 0
Narrow klass pointer bits 32, Max shift 3
Narrow klass base: 0x000001fd51000000, Narrow klass shift: 0
Encoding Range: [0x000001fd51000000 - 0x000001fe51000000), (4294967296 bytes)
Klass Range:    [0x000001fd51000000 - 0x000001fd92000000), (1090519040 bytes)
Klass ID Range:  [8 - 1090519033) (1090519025)

GC Precious Log:
 CardTable entry size: 512
 Card Set container configuration: InlinePtr #cards 4 size 8 Array Of Cards #cards 16 size 48 Howl #buckets 8 coarsen threshold 3686 Howl Bitmap #cards 512 size 80 coarsen threshold 460 Card regions per heap region 1 cards per card region 4096
 CPUs: 12 total, 12 available
 Memory: 16298M
 Large Page Support: Disabled
 NUMA Support: Disabled
 Compressed Oops: Enabled (Zero based)
 Heap Region Size: 2M
 Heap Min Capacity: 8M
 Heap Initial Capacity: 256M
 Heap Max Capacity: 4076M
 Pre-touch: Disabled
 Parallel Workers: 10
 Concurrent Workers: 3
 Concurrent Refinement Workers: 10
 Periodic GC: Disabled

Heap:
 garbage-first heap   total reserved 4173824K, committed 264192K, used 26870K [0x0000000701400000, 0x0000000800000000)
  region size 2048K, 14 young (28672K), 2 survivors (4096K)
 Metaspace       used 13761K, committed 14080K, reserved 1114112K
  class space    used 1223K, committed 1344K, reserved 1048576K

Heap Regions: E=young(eden), S=young(survivor), O=old, HS=humongous(starts), HC=humongous(continues), CS=collection set, F=free, TAMS=top-at-mark-start, PB=parsable bottom
|   0|0x0000000701400000, 0x0000000701400000, 0x0000000701600000|  0%| F|  |TAMS 0x0000000701400000| PB 0x0000000701400000| Untracked |  0
|   1|0x0000000701600000, 0x0000000701600000, 0x0000000701800000|  0%| F|  |TAMS 0x0000000701600000| PB 0x0000000701600000| Untracked |  0
|   2|0x0000000701800000, 0x0000000701800000, 0x0000000701a00000|  0%| F|  |TAMS 0x0000000701800000| PB 0x0000000701800000| Untracked |  0
|   3|0x0000000701a00000, 0x0000000701a00000, 0x0000000701c00000|  0%| F|  |TAMS 0x0000000701a00000| PB 0x0000000701a00000| Untracked |  0
|   4|0x0000000701c00000, 0x0000000701c00000, 0x0000000701e00000|  0%| F|  |TAMS 0x0000000701c00000| PB 0x0000000701c00000| Untracked |  0
|   5|0x0000000701e00000, 0x0000000701e00000, 0x0000000702000000|  0%| F|  |TAMS 0x0000000701e00000| PB 0x0000000701e00000| Untracked |  0
|   6|0x0000000702000000, 0x0000000702000000, 0x0000000702200000|  0%| F|  |TAMS 0x0000000702000000| PB 0x0000000702000000| Untracked |  0
|   7|0x0000000702200000, 0x0000000702200000, 0x0000000702400000|  0%| F|  |TAMS 0x0000000702200000| PB 0x0000000702200000| Untracked |  0
|   8|0x0000000702400000, 0x0000000702400000, 0x0000000702600000|  0%| F|  |TAMS 0x0000000702400000| PB 0x0000000702400000| Untracked |  0
|   9|0x0000000702600000, 0x0000000702600000, 0x0000000702800000|  0%| F|  |TAMS 0x0000000702600000| PB 0x0000000702600000| Untracked |  0
|  10|0x0000000702800000, 0x0000000702800000, 0x0000000702a00000|  0%| F|  |TAMS 0x0000000702800000| PB 0x0000000702800000| Untracked |  0
|  11|0x0000000702a00000, 0x0000000702a00000, 0x0000000702c00000|  0%| F|  |TAMS 0x0000000702a00000| PB 0x0000000702a00000| Untracked |  0
|  12|0x0000000702c00000, 0x0000000702c00000, 0x0000000702e00000|  0%| F|  |TAMS 0x0000000702c00000| PB 0x0000000702c00000| Untracked |  0
|  13|0x0000000702e00000, 0x0000000702e00000, 0x0000000703000000|  0%| F|  |TAMS 0x0000000702e00000| PB 0x0000000702e00000| Untracked |  0
|  14|0x0000000703000000, 0x0000000703000000, 0x0000000703200000|  0%| F|  |TAMS 0x0000000703000000| PB 0x0000000703000000| Untracked |  0
|  15|0x0000000703200000, 0x0000000703200000, 0x0000000703400000|  0%| F|  |TAMS 0x0000000703200000| PB 0x0000000703200000| Untracked |  0
|  16|0x0000000703400000, 0x0000000703400000, 0x0000000703600000|  0%| F|  |TAMS 0x0000000703400000| PB 0x0000000703400000| Untracked |  0
|  17|0x0000000703600000, 0x0000000703600000, 0x0000000703800000|  0%| F|  |TAMS 0x0000000703600000| PB 0x0000000703600000| Untracked |  0
|  18|0x0000000703800000, 0x0000000703800000, 0x0000000703a00000|  0%| F|  |TAMS 0x0000000703800000| PB 0x0000000703800000| Untracked |  0
|  19|0x0000000703a00000, 0x0000000703a00000, 0x0000000703c00000|  0%| F|  |TAMS 0x0000000703a00000| PB 0x0000000703a00000| Untracked |  0
|  20|0x0000000703c00000, 0x0000000703c00000, 0x0000000703e00000|  0%| F|  |TAMS 0x0000000703c00000| PB 0x0000000703c00000| Untracked |  0
|  21|0x0000000703e00000, 0x0000000703e00000, 0x0000000704000000|  0%| F|  |TAMS 0x0000000703e00000| PB 0x0000000703e00000| Untracked |  0
|  22|0x0000000704000000, 0x0000000704000000, 0x0000000704200000|  0%| F|  |TAMS 0x0000000704000000| PB 0x0000000704000000| Untracked |  0
|  23|0x0000000704200000, 0x0000000704200000, 0x0000000704400000|  0%| F|  |TAMS 0x0000000704200000| PB 0x0000000704200000| Untracked |  0
|  24|0x0000000704400000, 0x0000000704400000, 0x0000000704600000|  0%| F|  |TAMS 0x0000000704400000| PB 0x0000000704400000| Untracked |  0
|  25|0x0000000704600000, 0x0000000704600000, 0x0000000704800000|  0%| F|  |TAMS 0x0000000704600000| PB 0x0000000704600000| Untracked |  0
|  26|0x0000000704800000, 0x0000000704800000, 0x0000000704a00000|  0%| F|  |TAMS 0x0000000704800000| PB 0x0000000704800000| Untracked |  0
|  27|0x0000000704a00000, 0x0000000704a00000, 0x0000000704c00000|  0%| F|  |TAMS 0x0000000704a00000| PB 0x0000000704a00000| Untracked |  0
|  28|0x0000000704c00000, 0x0000000704c00000, 0x0000000704e00000|  0%| F|  |TAMS 0x0000000704c00000| PB 0x0000000704c00000| Untracked |  0
|  29|0x0000000704e00000, 0x0000000704e00000, 0x0000000705000000|  0%| F|  |TAMS 0x0000000704e00000| PB 0x0000000704e00000| Untracked |  0
|  30|0x0000000705000000, 0x0000000705000000, 0x0000000705200000|  0%| F|  |TAMS 0x0000000705000000| PB 0x0000000705000000| Untracked |  0
|  31|0x0000000705200000, 0x0000000705200000, 0x0000000705400000|  0%| F|  |TAMS 0x0000000705200000| PB 0x0000000705200000| Untracked |  0
|  32|0x0000000705400000, 0x0000000705400000, 0x0000000705600000|  0%| F|  |TAMS 0x0000000705400000| PB 0x0000000705400000| Untracked |  0
|  33|0x0000000705600000, 0x0000000705600000, 0x0000000705800000|  0%| F|  |TAMS 0x0000000705600000| PB 0x0000000705600000| Untracked |  0
|  34|0x0000000705800000, 0x0000000705800000, 0x0000000705a00000|  0%| F|  |TAMS 0x0000000705800000| PB 0x0000000705800000| Untracked |  0
|  35|0x0000000705a00000, 0x0000000705a00000, 0x0000000705c00000|  0%| F|  |TAMS 0x0000000705a00000| PB 0x0000000705a00000| Untracked |  0
|  36|0x0000000705c00000, 0x0000000705c00000, 0x0000000705e00000|  0%| F|  |TAMS 0x0000000705c00000| PB 0x0000000705c00000| Untracked |  0
|  37|0x0000000705e00000, 0x0000000705e00000, 0x0000000706000000|  0%| F|  |TAMS 0x0000000705e00000| PB 0x0000000705e00000| Untracked |  0
|  38|0x0000000706000000, 0x0000000706000000, 0x0000000706200000|  0%| F|  |TAMS 0x0000000706000000| PB 0x0000000706000000| Untracked |  0
|  39|0x0000000706200000, 0x0000000706200000, 0x0000000706400000|  0%| F|  |TAMS 0x0000000706200000| PB 0x0000000706200000| Untracked |  0
|  40|0x0000000706400000, 0x0000000706400000, 0x0000000706600000|  0%| F|  |TAMS 0x0000000706400000| PB 0x0000000706400000| Untracked |  0
|  41|0x0000000706600000, 0x0000000706600000, 0x0000000706800000|  0%| F|  |TAMS 0x0000000706600000| PB 0x0000000706600000| Untracked |  0
|  42|0x0000000706800000, 0x0000000706800000, 0x0000000706a00000|  0%| F|  |TAMS 0x0000000706800000| PB 0x0000000706800000| Untracked |  0
|  43|0x0000000706a00000, 0x0000000706a00000, 0x0000000706c00000|  0%| F|  |TAMS 0x0000000706a00000| PB 0x0000000706a00000| Untracked |  0
|  44|0x0000000706c00000, 0x0000000706c00000, 0x0000000706e00000|  0%| F|  |TAMS 0x0000000706c00000| PB 0x0000000706c00000| Untracked |  0
|  45|0x0000000706e00000, 0x0000000706e00000, 0x0000000707000000|  0%| F|  |TAMS 0x0000000706e00000| PB 0x0000000706e00000| Untracked |  0
|  46|0x0000000707000000, 0x0000000707000000, 0x0000000707200000|  0%| F|  |TAMS 0x0000000707000000| PB 0x0000000707000000| Untracked |  0
|  47|0x0000000707200000, 0x0000000707200000, 0x0000000707400000|  0%| F|  |TAMS 0x0000000707200000| PB 0x0000000707200000| Untracked |  0
|  48|0x0000000707400000, 0x0000000707400000, 0x0000000707600000|  0%| F|  |TAMS 0x0000000707400000| PB 0x0000000707400000| Untracked |  0
|  49|0x0000000707600000, 0x0000000707600000, 0x0000000707800000|  0%| F|  |TAMS 0x0000000707600000| PB 0x0000000707600000| Untracked |  0
|  50|0x0000000707800000, 0x0000000707800000, 0x0000000707a00000|  0%| F|  |TAMS 0x0000000707800000| PB 0x0000000707800000| Untracked |  0
|  51|0x0000000707a00000, 0x0000000707a00000, 0x0000000707c00000|  0%| F|  |TAMS 0x0000000707a00000| PB 0x0000000707a00000| Untracked |  0
|  52|0x0000000707c00000, 0x0000000707c00000, 0x0000000707e00000|  0%| F|  |TAMS 0x0000000707c00000| PB 0x0000000707c00000| Untracked |  0
|  53|0x0000000707e00000, 0x0000000707e00000, 0x0000000708000000|  0%| F|  |TAMS 0x0000000707e00000| PB 0x0000000707e00000| Untracked |  0
|  54|0x0000000708000000, 0x0000000708000000, 0x0000000708200000|  0%| F|  |TAMS 0x0000000708000000| PB 0x0000000708000000| Untracked |  0
|  55|0x0000000708200000, 0x0000000708200000, 0x0000000708400000|  0%| F|  |TAMS 0x0000000708200000| PB 0x0000000708200000| Untracked |  0
|  56|0x0000000708400000, 0x0000000708400000, 0x0000000708600000|  0%| F|  |TAMS 0x0000000708400000| PB 0x0000000708400000| Untracked |  0
|  57|0x0000000708600000, 0x0000000708600000, 0x0000000708800000|  0%| F|  |TAMS 0x0000000708600000| PB 0x0000000708600000| Untracked |  0
|  58|0x0000000708800000, 0x0000000708800000, 0x0000000708a00000|  0%| F|  |TAMS 0x0000000708800000| PB 0x0000000708800000| Untracked |  0
|  59|0x0000000708a00000, 0x0000000708a00000, 0x0000000708c00000|  0%| F|  |TAMS 0x0000000708a00000| PB 0x0000000708a00000| Untracked |  0
|  60|0x0000000708c00000, 0x0000000708c00000, 0x0000000708e00000|  0%| F|  |TAMS 0x0000000708c00000| PB 0x0000000708c00000| Untracked |  0
|  61|0x0000000708e00000, 0x0000000708e00000, 0x0000000709000000|  0%| F|  |TAMS 0x0000000708e00000| PB 0x0000000708e00000| Untracked |  0
|  62|0x0000000709000000, 0x0000000709000000, 0x0000000709200000|  0%| F|  |TAMS 0x0000000709000000| PB 0x0000000709000000| Untracked |  0
|  63|0x0000000709200000, 0x0000000709200000, 0x0000000709400000|  0%| F|  |TAMS 0x0000000709200000| PB 0x0000000709200000| Untracked |  0
|  64|0x0000000709400000, 0x0000000709400000, 0x0000000709600000|  0%| F|  |TAMS 0x0000000709400000| PB 0x0000000709400000| Untracked |  0
|  65|0x0000000709600000, 0x0000000709600000, 0x0000000709800000|  0%| F|  |TAMS 0x0000000709600000| PB 0x0000000709600000| Untracked |  0
|  66|0x0000000709800000, 0x0000000709800000, 0x0000000709a00000|  0%| F|  |TAMS 0x0000000709800000| PB 0x0000000709800000| Untracked |  0
|  67|0x0000000709a00000, 0x0000000709a00000, 0x0000000709c00000|  0%| F|  |TAMS 0x0000000709a00000| PB 0x0000000709a00000| Untracked |  0
|  68|0x0000000709c00000, 0x0000000709c00000, 0x0000000709e00000|  0%| F|  |TAMS 0x0000000709c00000| PB 0x0000000709c00000| Untracked |  0
|  69|0x0000000709e00000, 0x0000000709e00000, 0x000000070a000000|  0%| F|  |TAMS 0x0000000709e00000| PB 0x0000000709e00000| Untracked |  0
|  70|0x000000070a000000, 0x000000070a000000, 0x000000070a200000|  0%| F|  |TAMS 0x000000070a000000| PB 0x000000070a000000| Untracked |  0
|  71|0x000000070a200000, 0x000000070a200000, 0x000000070a400000|  0%| F|  |TAMS 0x000000070a200000| PB 0x000000070a200000| Untracked |  0
|  72|0x000000070a400000, 0x000000070a400000, 0x000000070a600000|  0%| F|  |TAMS 0x000000070a400000| PB 0x000000070a400000| Untracked |  0
|  73|0x000000070a600000, 0x000000070a600000, 0x000000070a800000|  0%| F|  |TAMS 0x000000070a600000| PB 0x000000070a600000| Untracked |  0
|  74|0x000000070a800000, 0x000000070a800000, 0x000000070aa00000|  0%| F|  |TAMS 0x000000070a800000| PB 0x000000070a800000| Untracked |  0
|  75|0x000000070aa00000, 0x000000070aa00000, 0x000000070ac00000|  0%| F|  |TAMS 0x000000070aa00000| PB 0x000000070aa00000| Untracked |  0
|  76|0x000000070ac00000, 0x000000070ac00000, 0x000000070ae00000|  0%| F|  |TAMS 0x000000070ac00000| PB 0x000000070ac00000| Untracked |  0
|  77|0x000000070ae00000, 0x000000070ae00000, 0x000000070b000000|  0%| F|  |TAMS 0x000000070ae00000| PB 0x000000070ae00000| Untracked |  0
|  78|0x000000070b000000, 0x000000070b000000, 0x000000070b200000|  0%| F|  |TAMS 0x000000070b000000| PB 0x000000070b000000| Untracked |  0
|  79|0x000000070b200000, 0x000000070b200000, 0x000000070b400000|  0%| F|  |TAMS 0x000000070b200000| PB 0x000000070b200000| Untracked |  0
|  80|0x000000070b400000, 0x000000070b400000, 0x000000070b600000|  0%| F|  |TAMS 0x000000070b400000| PB 0x000000070b400000| Untracked |  0
|  81|0x000000070b600000, 0x000000070b600000, 0x000000070b800000|  0%| F|  |TAMS 0x000000070b600000| PB 0x000000070b600000| Untracked |  0
|  82|0x000000070b800000, 0x000000070b800000, 0x000000070ba00000|  0%| F|  |TAMS 0x000000070b800000| PB 0x000000070b800000| Untracked |  0
|  83|0x000000070ba00000, 0x000000070ba00000, 0x000000070bc00000|  0%| F|  |TAMS 0x000000070ba00000| PB 0x000000070ba00000| Untracked |  0
|  84|0x000000070bc00000, 0x000000070bc00000, 0x000000070be00000|  0%| F|  |TAMS 0x000000070bc00000| PB 0x000000070bc00000| Untracked |  0
|  85|0x000000070be00000, 0x000000070be00000, 0x000000070c000000|  0%| F|  |TAMS 0x000000070be00000| PB 0x000000070be00000| Untracked |  0
|  86|0x000000070c000000, 0x000000070c000000, 0x000000070c200000|  0%| F|  |TAMS 0x000000070c000000| PB 0x000000070c000000| Untracked |  0
|  87|0x000000070c200000, 0x000000070c200000, 0x000000070c400000|  0%| F|  |TAMS 0x000000070c200000| PB 0x000000070c200000| Untracked |  0
|  88|0x000000070c400000, 0x000000070c400000, 0x000000070c600000|  0%| F|  |TAMS 0x000000070c400000| PB 0x000000070c400000| Untracked |  0
|  89|0x000000070c600000, 0x000000070c600000, 0x000000070c800000|  0%| F|  |TAMS 0x000000070c600000| PB 0x000000070c600000| Untracked |  0
|  90|0x000000070c800000, 0x000000070c800000, 0x000000070ca00000|  0%| F|  |TAMS 0x000000070c800000| PB 0x000000070c800000| Untracked |  0
|  91|0x000000070ca00000, 0x000000070ca00000, 0x000000070cc00000|  0%| F|  |TAMS 0x000000070ca00000| PB 0x000000070ca00000| Untracked |  0
|  92|0x000000070cc00000, 0x000000070cc00000, 0x000000070ce00000|  0%| F|  |TAMS 0x000000070cc00000| PB 0x000000070cc00000| Untracked |  0
|  93|0x000000070ce00000, 0x000000070ce00000, 0x000000070d000000|  0%| F|  |TAMS 0x000000070ce00000| PB 0x000000070ce00000| Untracked |  0
|  94|0x000000070d000000, 0x000000070d000000, 0x000000070d200000|  0%| F|  |TAMS 0x000000070d000000| PB 0x000000070d000000| Untracked |  0
|  95|0x000000070d200000, 0x000000070d200000, 0x000000070d400000|  0%| F|  |TAMS 0x000000070d200000| PB 0x000000070d200000| Untracked |  0
|  96|0x000000070d400000, 0x000000070d400000, 0x000000070d600000|  0%| F|  |TAMS 0x000000070d400000| PB 0x000000070d400000| Untracked |  0
|  97|0x000000070d600000, 0x000000070d600000, 0x000000070d800000|  0%| F|  |TAMS 0x000000070d600000| PB 0x000000070d600000| Untracked |  0
|  98|0x000000070d800000, 0x000000070d800000, 0x000000070da00000|  0%| F|  |TAMS 0x000000070d800000| PB 0x000000070d800000| Untracked |  0
|  99|0x000000070da00000, 0x000000070da00000, 0x000000070dc00000|  0%| F|  |TAMS 0x000000070da00000| PB 0x000000070da00000| Untracked |  0
| 100|0x000000070dc00000, 0x000000070dc00000, 0x000000070de00000|  0%| F|  |TAMS 0x000000070dc00000| PB 0x000000070dc00000| Untracked |  0
| 101|0x000000070de00000, 0x000000070de00000, 0x000000070e000000|  0%| F|  |TAMS 0x000000070de00000| PB 0x000000070de00000| Untracked |  0
| 102|0x000000070e000000, 0x000000070e121500, 0x000000070e200000| 56%| S|CS|TAMS 0x000000070e000000| PB 0x000000070e000000| Complete |  0
| 103|0x000000070e200000, 0x000000070e400000, 0x000000070e400000|100%| S|CS|TAMS 0x000000070e200000| PB 0x000000070e200000| Complete |  0
| 104|0x000000070e400000, 0x000000070e400000, 0x000000070e600000|  0%| F|  |TAMS 0x000000070e400000| PB 0x000000070e400000| Untracked |  0
| 105|0x000000070e600000, 0x000000070e600000, 0x000000070e800000|  0%| F|  |TAMS 0x000000070e600000| PB 0x000000070e600000| Untracked |  0
| 106|0x000000070e800000, 0x000000070e800000, 0x000000070ea00000|  0%| F|  |TAMS 0x000000070e800000| PB 0x000000070e800000| Untracked |  0
| 107|0x000000070ea00000, 0x000000070ea00000, 0x000000070ec00000|  0%| F|  |TAMS 0x000000070ea00000| PB 0x000000070ea00000| Untracked |  0
| 108|0x000000070ec00000, 0x000000070ec00000, 0x000000070ee00000|  0%| F|  |TAMS 0x000000070ec00000| PB 0x000000070ec00000| Untracked |  0
| 109|0x000000070ee00000, 0x000000070ee00000, 0x000000070f000000|  0%| F|  |TAMS 0x000000070ee00000| PB 0x000000070ee00000| Untracked |  0
| 110|0x000000070f000000, 0x000000070f000000, 0x000000070f200000|  0%| F|  |TAMS 0x000000070f000000| PB 0x000000070f000000| Untracked |  0
| 111|0x000000070f200000, 0x000000070f200000, 0x000000070f400000|  0%| F|  |TAMS 0x000000070f200000| PB 0x000000070f200000| Untracked |  0
| 112|0x000000070f400000, 0x000000070f400000, 0x000000070f600000|  0%| F|  |TAMS 0x000000070f400000| PB 0x000000070f400000| Untracked |  0
| 113|0x000000070f600000, 0x000000070f600000, 0x000000070f800000|  0%| F|  |TAMS 0x000000070f600000| PB 0x000000070f600000| Untracked |  0
| 114|0x000000070f800000, 0x000000070f800000, 0x000000070fa00000|  0%| F|  |TAMS 0x000000070f800000| PB 0x000000070f800000| Untracked |  0
| 115|0x000000070fa00000, 0x000000070fa00000, 0x000000070fc00000|  0%| F|  |TAMS 0x000000070fa00000| PB 0x000000070fa00000| Untracked |  0
| 116|0x000000070fc00000, 0x000000070fd33fe8, 0x000000070fe00000| 60%| E|  |TAMS 0x000000070fc00000| PB 0x000000070fc00000| Complete |  0
| 117|0x000000070fe00000, 0x0000000710000000, 0x0000000710000000|100%| E|CS|TAMS 0x000000070fe00000| PB 0x000000070fe00000| Complete |  0
| 118|0x0000000710000000, 0x0000000710200000, 0x0000000710200000|100%| E|CS|TAMS 0x0000000710000000| PB 0x0000000710000000| Complete |  0
| 119|0x0000000710200000, 0x0000000710400000, 0x0000000710400000|100%| E|CS|TAMS 0x0000000710200000| PB 0x0000000710200000| Complete |  0
| 120|0x0000000710400000, 0x0000000710600000, 0x0000000710600000|100%| E|CS|TAMS 0x0000000710400000| PB 0x0000000710400000| Complete |  0
| 121|0x0000000710600000, 0x0000000710800000, 0x0000000710800000|100%| E|CS|TAMS 0x0000000710600000| PB 0x0000000710600000| Complete |  0
| 122|0x0000000710800000, 0x0000000710a00000, 0x0000000710a00000|100%| E|CS|TAMS 0x0000000710800000| PB 0x0000000710800000| Complete |  0
| 123|0x0000000710a00000, 0x0000000710c00000, 0x0000000710c00000|100%| E|CS|TAMS 0x0000000710a00000| PB 0x0000000710a00000| Complete |  0
| 124|0x0000000710c00000, 0x0000000710e00000, 0x0000000710e00000|100%| E|CS|TAMS 0x0000000710c00000| PB 0x0000000710c00000| Complete |  0
| 125|0x0000000710e00000, 0x0000000711000000, 0x0000000711000000|100%| E|CS|TAMS 0x0000000710e00000| PB 0x0000000710e00000| Complete |  0
| 126|0x0000000711000000, 0x0000000711200000, 0x0000000711200000|100%| E|CS|TAMS 0x0000000711000000| PB 0x0000000711000000| Complete |  0
| 127|0x0000000711200000, 0x0000000711400000, 0x0000000711400000|100%| E|CS|TAMS 0x0000000711200000| PB 0x0000000711200000| Complete |  0
|2037|0x00000007ffe00000, 0x00000007fff1c348, 0x0000000800000000| 55%| O|  |TAMS 0x00000007ffe00000| PB 0x00000007ffe00000| Untracked |  0

Card table byte_map: [0x000001fd491e0000,0x000001fd499e0000] _byte_map_base: 0x000001fd459d6000

Marking Bits: (CMBitMap*) 0x000001fd30b46570
 Bits: [0x000001fd499e0000, 0x000001fd4d990000)

Polling page: 0x000001fd2e940000

Metaspace:

Usage:
  Non-class:     12.24 MB used.
      Class:      1.19 MB used.
       Both:     13.44 MB used.

Virtual space:
  Non-class space:       64.00 MB reserved,      12.44 MB ( 19%) committed,  1 nodes.
      Class space:        1.00 GB reserved,       1.31 MB ( <1%) committed,  1 nodes.
             Both:        1.06 GB reserved,      13.75 MB (  1%) committed.

Chunk freelists:
   Non-Class:  2.98 MB
       Class:  14.70 MB
        Both:  17.68 MB

MaxMetaspaceSize: unlimited
CompressedClassSpaceSize: 1.00 GB
Initial GC threshold: 21.00 MB
Current GC threshold: 21.00 MB
CDS: on
 - commit_granule_bytes: 65536.
 - commit_granule_words: 8192.
 - virtual_space_node_default_size: 8388608.
 - enlarge_chunks_in_place: 1.
UseCompressedClassPointers 1, UseCompactObjectHeaders 0
Narrow klass pointer bits 32, Max shift 3
Narrow klass base: 0x000001fd51000000, Narrow klass shift: 0
Encoding Range: [0x000001fd51000000 - 0x000001fe51000000), (4294967296 bytes)
Klass Range:    [0x000001fd51000000 - 0x000001fd92000000), (1090519040 bytes)
Klass ID Range:  [8 - 1090519033) (1090519025)


Internal statistics:

num_allocs_failed_limit: 0.
num_arena_births: 298.
num_arena_deaths: 0.
num_vsnodes_births: 2.
num_vsnodes_deaths: 0.
num_space_committed: 220.
num_space_uncommitted: 0.
num_chunks_returned_to_freelist: 0.
num_chunks_taken_from_freelist: 377.
num_chunk_merges: 0.
num_chunk_splits: 232.
num_chunks_enlarged: 117.
num_inconsistent_stats: 0.

CodeHeap 'non-profiled nmethods': size=120064Kb used=1106Kb max_used=1106Kb free=118957Kb
 bounds [0x000001fd40e40000, 0x000001fd410b0000, 0x000001fd48380000]
CodeHeap 'profiled nmethods': size=120000Kb used=4603Kb max_used=4603Kb free=115397Kb
 bounds [0x000001fd39380000, 0x000001fd39800000, 0x000001fd408b0000]
CodeHeap 'non-nmethods': size=5696Kb used=1519Kb max_used=1597Kb free=4176Kb
 bounds [0x000001fd408b0000, 0x000001fd40b20000, 0x000001fd40e40000]
CodeCache: size=245760Kb, used=7228Kb, max_used=7306Kb, free=238530Kb
 total_blobs=3598, nmethods=2908, adapters=595, full_count=0
Compilation: enabled, stopped_count=0, restarted_count=0

Compilation events (20 events):
Event: 34.496 Thread 0x000001fd506aaf50 2882       4       java.io.DataOutputStream::incCount (20 bytes)
Event: 34.497 Thread 0x000001fd506aaf50 nmethod 2882 0x000001fd40f50208 code [0x000001fd40f50300, 0x000001fd40f50398]
Event: 34.497 Thread 0x000001fd506aaf50 2880       4       java.util.LinkedHashMap::get (29 bytes)
Event: 34.497 Thread 0x000001fd970094a0 nmethod 2883 0x000001fd40f50508 code [0x000001fd40f50640, 0x000001fd40f50b38]
Event: 34.497 Thread 0x000001fd970094a0 2878       4       java.util.LinkedHashMap::linkNodeAtEnd (76 bytes)
Event: 34.497 Thread 0x000001fd97008d10 nmethod 2875 0x000001fd40f50b88 code [0x000001fd40f50e20, 0x000001fd40f52a08]
Event: 34.497 Thread 0x000001fd506ae8b0 2904   !   3       sun.awt.PostEventQueue::flush (168 bytes)
Event: 34.498 Thread 0x000001fd97008d10 2874       4       jdk.jfr.internal.MetadataWriter::writeInt (148 bytes)
Event: 34.498 Thread 0x000001fd970094a0 nmethod 2878 0x000001fd40f52b08 code [0x000001fd40f52c20, 0x000001fd40f53148]
Event: 34.498 Thread 0x000001fd506ae8b0 nmethod 2904 0x000001fd397fc508 code [0x000001fd397fc740, 0x000001fd397fd918]
Event: 34.499 Thread 0x000001fd506aaf50 nmethod 2880 0x000001fd40f53188 code [0x000001fd40f532c0, 0x000001fd40f53648]
Event: 34.500 Thread 0x000001fd97008d10 nmethod 2874 0x000001fd40f53688 code [0x000001fd40f53860, 0x000001fd40f542a8]
Event: 34.501 Thread 0x000001fd506ae8b0 2905       1       jdk.jfr.internal.periodic.EventTask::getEventType (5 bytes)
Event: 34.501 Thread 0x000001fd506ae8b0 nmethod 2905 0x000001fd40f54308 code [0x000001fd40f54400, 0x000001fd40f544c8]
Event: 34.501 Thread 0x000001fd506ae8b0 2906       1       jdk.jfr.internal.periodic.PeriodicTask::getPeriod (5 bytes)
Event: 34.501 Thread 0x000001fd506ae8b0 nmethod 2906 0x000001fd40f54608 code [0x000001fd40f54700, 0x000001fd40f547c8]
Event: 34.501 Thread 0x000001fd506ae8b0 2907       3       java.util.Comparator$$Lambda/0x000001fd52167c68::compare (10 bytes)
Event: 34.501 Thread 0x000001fd506ae8b0 nmethod 2907 0x000001fd397fd988 code [0x000001fd397fdae0, 0x000001fd397fdf58]
Event: 34.501 Thread 0x000001fd506ae8b0 2908       3       java.util.Comparator::lambda$comparingLong$6043328a$1 (18 bytes)
Event: 34.501 Thread 0x000001fd506ae8b0 nmethod 2908 0x000001fd397fdf88 code [0x000001fd397fe0e0, 0x000001fd397fe4c0]

GC Heap History (2 events):
Event: 23.842 GC heap before
{Heap before GC invocations=0 (full 0):
 garbage-first heap   total reserved 4173824K, committed 264192K, used 50288K [0x0000000701400000, 0x0000000800000000)
  region size 2048K, 24 young (49152K), 0 survivors (0K)
 Metaspace       used 12302K, committed 12608K, reserved 1114112K
  class space    used 1062K, committed 1216K, reserved 1048576K
}
Event: 23.845 GC heap after
{Heap after GC invocations=1 (full 0):
 garbage-first heap   total reserved 4173824K, committed 264192K, used 4342K [0x0000000701400000, 0x0000000800000000)
  region size 2048K, 2 young (4096K), 2 survivors (4096K)
 Metaspace       used 12302K, committed 12608K, reserved 1114112K
  class space    used 1062K, committed 1216K, reserved 1048576K
}

Dll operation events (15 events):
Event: 0.007 Loaded shared library C:\Users\pc\.jdks\openjdk-24\bin\java.dll
Event: 0.025 Loaded shared library C:\Users\pc\.jdks\openjdk-24\bin\jsvml.dll
Event: 0.047 Loaded shared library C:\Users\pc\.jdks\openjdk-24\bin\zip.dll
Event: 0.049 Loaded shared library C:\Users\pc\.jdks\openjdk-24\bin\instrument.dll
Event: 0.052 Loaded shared library C:\Users\pc\.jdks\openjdk-24\bin\net.dll
Event: 0.053 Loaded shared library C:\Users\pc\.jdks\openjdk-24\bin\nio.dll
Event: 0.056 Loaded shared library C:\Users\pc\.jdks\openjdk-24\bin\zip.dll
Event: 0.070 Loaded shared library C:\Users\pc\.jdks\openjdk-24\bin\extnet.dll
Event: 0.074 Loaded shared library C:\Users\pc\.jdks\openjdk-24\bin\jimage.dll
Event: 0.085 Loaded shared library C:\Users\pc\.jdks\openjdk-24\bin\awt.dll
Event: 0.098 Loaded shared library C:\Users\pc\.jdks\openjdk-24\bin\management.dll
Event: 0.104 Loaded shared library C:\Users\pc\.jdks\openjdk-24\bin\management_ext.dll
Event: 0.340 Loaded shared library C:\Users\pc\.jdks\openjdk-24\bin\freetype.dll
Event: 0.341 Loaded shared library C:\Users\pc\.jdks\openjdk-24\bin\fontmanager.dll
Event: 34.365 Loaded shared library C:\Users\pc\AppData\Local\Temp\idea_libasyncProfiler_dll_temp_folder1\libasyncProfiler.dll

Deoptimization events (20 events):
Event: 34.452 Thread 0x000001fd5068e390 Uncommon trap: trap_request=0xffffffde fr.pc=0x000001fd40f3861c relative=0x00000000000000fc
Event: 34.452 Thread 0x000001fd5068e390 Uncommon trap: reason=class_check action=maybe_recompile pc=0x000001fd40f3861c method=jdk.internal.misc.Unsafe.allocateUninitializedArray(Ljava/lang/Class;I)Ljava/lang/Object; @ 51 c2
Event: 34.452 Thread 0x000001fd5068e390 DEOPT PACKING pc=0x000001fd40f3861c sp=0x0000001e316fda70
Event: 34.452 Thread 0x000001fd5068e390 DEOPT UNPACKING pc=0x000001fd409c4102 sp=0x0000001e316fd9e8 mode 2
Event: 34.453 Thread 0x000001fd5068e390 Uncommon trap: trap_request=0xffffff4d fr.pc=0x000001fd40e9cfd0 relative=0x0000000000000470
Event: 34.453 Thread 0x000001fd5068e390 Uncommon trap: reason=unstable_if action=reinterpret pc=0x000001fd40e9cfd0 method=java.util.concurrent.ConcurrentHashMap.get(Ljava/lang/Object;)Ljava/lang/Object; @ 76 c2
Event: 34.453 Thread 0x000001fd5068e390 DEOPT PACKING pc=0x000001fd40e9cfd0 sp=0x0000001e316fe590
Event: 34.453 Thread 0x000001fd5068e390 DEOPT UNPACKING pc=0x000001fd409c4102 sp=0x0000001e316fe518 mode 2
Event: 34.471 Thread 0x000001fd5068e390 Uncommon trap: trap_request=0xffffff4d fr.pc=0x000001fd40f42190 relative=0x0000000000004830
Event: 34.471 Thread 0x000001fd5068e390 Uncommon trap: reason=unstable_if action=reinterpret pc=0x000001fd40f42190 method=jdk.internal.classfile.impl.StackMapGenerator.processBlock(Ljdk/internal/classfile/impl/RawBytecodeHelper;)Z @ 56 c2
Event: 34.471 Thread 0x000001fd5068e390 DEOPT PACKING pc=0x000001fd40f42190 sp=0x0000001e316fd7e0
Event: 34.471 Thread 0x000001fd5068e390 DEOPT UNPACKING pc=0x000001fd409c4102 sp=0x0000001e316fd768 mode 2
Event: 34.489 Thread 0x000001fd5068e390 Uncommon trap: trap_request=0xffffff4d fr.pc=0x000001fd40f4b7ac relative=0x000000000000020c
Event: 34.489 Thread 0x000001fd5068e390 Uncommon trap: reason=unstable_if action=reinterpret pc=0x000001fd40f4b7ac method=java.io.ByteArrayOutputStream.ensureCapacity(I)V @ 11 c2
Event: 34.489 Thread 0x000001fd5068e390 DEOPT PACKING pc=0x000001fd40f4b7ac sp=0x0000001e316fea10
Event: 34.489 Thread 0x000001fd5068e390 DEOPT UNPACKING pc=0x000001fd409c4102 sp=0x0000001e316fe948 mode 2
Event: 34.490 Thread 0x000001fd5068e390 Uncommon trap: trap_request=0xffffff4d fr.pc=0x000001fd40f4bd70 relative=0x00000000000003d0
Event: 34.490 Thread 0x000001fd5068e390 Uncommon trap: reason=unstable_if action=reinterpret pc=0x000001fd40f4bd70 method=java.io.ByteArrayOutputStream.ensureCapacity(I)V @ 11 c2
Event: 34.490 Thread 0x000001fd5068e390 DEOPT PACKING pc=0x000001fd40f4bd70 sp=0x0000001e316fe970
Event: 34.490 Thread 0x000001fd5068e390 DEOPT UNPACKING pc=0x000001fd409c4102 sp=0x0000001e316fe850 mode 2

Classes loaded (20 events):
Event: 34.481 Loading class jdk/jfr/internal/MetadataWriter
Event: 34.481 Loading class jdk/jfr/internal/MetadataWriter done
Event: 34.481 Loading class jdk/jfr/internal/MetadataDescriptor$Element
Event: 34.481 Loading class jdk/jfr/internal/MetadataDescriptor$Element done
Event: 34.481 Loading class jdk/jfr/internal/MetadataDescriptor$Attribute
Event: 34.482 Loading class jdk/jfr/internal/MetadataDescriptor$Attribute done
Event: 34.487 Loading class jdk/jfr/internal/consumer/StringParser$Encoding
Event: 34.487 Loading class jdk/jfr/internal/consumer/StringParser$Encoding done
Event: 34.492 Loading class jdk/jfr/internal/consumer/RepositoryFiles
Event: 34.492 Loading class jdk/jfr/internal/consumer/RepositoryFiles done
Event: 34.493 Loading class jdk/jfr/internal/SettingsManager$InternalSetting
Event: 34.493 Loading class jdk/jfr/internal/SettingsManager$InternalSetting done
Event: 34.494 Loading class jdk/jfr/internal/util/Rate
Event: 34.494 Loading class jdk/jfr/internal/util/Rate done
Event: 34.494 Loading class jdk/jfr/internal/util/TimespanUnit
Event: 34.494 Loading class jdk/jfr/internal/util/TimespanUnit done
Event: 34.494 Loading class jdk/jfr/internal/util/ValueParser
Event: 34.495 Loading class jdk/jfr/internal/util/ValueParser done
Event: 34.495 Loading class jdk/jfr/internal/periodic/PeriodicType
Event: 34.495 Loading class jdk/jfr/internal/periodic/PeriodicType done

Classes unloaded (0 events):
No events

Classes redefined (0 events):
No events

Internal exceptions (20 events):
Event: 0.333 Thread 0x000001fd30adadc0 Exception <a 'java/lang/NoSuchMethodError'{0x000000070fc42ed8}: 'java.lang.Object java.lang.invoke.DirectMethodHandle$Holder.newInvokeSpecial(java.lang.Object, int, java.lang.Object)'> (0x000000070fc42ed8)
thrown [s\open\src\hotspot\share\interpreter\linkResolver.cpp, line 805]
Event: 0.334 Thread 0x000001fd30adadc0 Exception <a 'java/lang/NoSuchMethodError'{0x000000070fc5d410}: 'void java.lang.invoke.DelegatingMethodHandle$Holder.reinvoke_L(java.lang.Object, java.lang.Object, java.lang.Object, java.lang.Object, long, long, int)'> (0x000000070fc5d410)
thrown [s\open\src\hotspot\share\interpreter\linkResolver.cpp, line 805]
Event: 0.335 Thread 0x000001fd30adadc0 Exception <a 'java/lang/NoSuchMethodError'{0x000000070fc7d0b0}: 'java.lang.Object java.lang.invoke.DirectMethodHandle$Holder.invokeStatic(java.lang.Object, java.lang.Object, java.lang.Object, java.lang.Object, java.lang.Object, long)'> (0x000000070fc7d0b0)
thrown [s\open\src\hotspot\share\interpreter\linkResolver.cpp, line 805]
Event: 0.336 Thread 0x000001fd30adadc0 Exception <a 'java/lang/NoSuchMethodError'{0x000000070fca14c8}: 'void java.lang.invoke.DelegatingMethodHandle$Holder.reinvoke_L(java.lang.Object, java.lang.Object, java.lang.Object, java.lang.Object, long, long, long)'> (0x000000070fca14c8)
thrown [s\open\src\hotspot\share\interpreter\linkResolver.cpp, line 805]
Event: 0.337 Thread 0x000001fd30adadc0 Exception <a 'java/lang/NoSuchMethodError'{0x000000070fcbab58}: 'void java.lang.invoke.DirectMethodHandle$Holder.invokeStaticInit(java.lang.Object)'> (0x000000070fcbab58)
thrown [s\open\src\hotspot\share\interpreter\linkResolver.cpp, line 805]
Event: 0.366 Thread 0x000001fd50a76830 Exception <a 'java/lang/NoSuchMethodError'{0x0000000710dfced0}: 'void java.lang.invoke.DirectMethodHandle$Holder.invokeVirtual(java.lang.Object, java.lang.Object)'> (0x0000000710dfced0)
thrown [s\open\src\hotspot\share\interpreter\linkResolver.cpp, line 805]
Event: 0.371 Thread 0x000001fd50a7a2b0 Exception <a 'java/lang/NoSuchMethodError'{0x000000070fb0e5f0}: 'void java.lang.invoke.DelegatingMethodHandle$Holder.reinvoke_L(java.lang.Object, java.lang.Object, java.lang.Object, java.lang.Object, long, long, float)'> (0x000000070fb0e5f0)
thrown [s\open\src\hotspot\share\interpreter\linkResolver.cpp, line 805]
Event: 0.379 Thread 0x000001fd50a7a2b0 Exception <a 'java/lang/NoSuchMethodError'{0x000000070fb50650}: 'void java.lang.invoke.DelegatingMethodHandle$Holder.reinvoke_L(java.lang.Object, java.lang.Object, java.lang.Object, java.lang.Object, long, long, double)'> (0x000000070fb50650)
thrown [s\open\src\hotspot\share\interpreter\linkResolver.cpp, line 805]
Event: 0.499 Thread 0x000001fd50a75990 Exception <a 'java/lang/NoSuchMethodError'{0x00000007103d33d8}: 'long java.lang.invoke.DirectMethodHandle$Holder.invokeVirtual(java.lang.Object, java.lang.Object)'> (0x00000007103d33d8)
thrown [s\open\src\hotspot\share\interpreter\linkResolver.cpp, line 805]
Event: 0.499 Thread 0x000001fd50a75990 Exception <a 'java/lang/NoSuchMethodError'{0x00000007103e3688}: 'long java.lang.invoke.DelegatingMethodHandle$Holder.reinvoke_L(java.lang.Object, java.lang.Object)'> (0x00000007103e3688)
thrown [s\open\src\hotspot\share\interpreter\linkResolver.cpp, line 805]
Event: 23.845 Thread 0x000001fd50a7a2b0 Implicit null exception at 0x000001fd40eed31d to 0x000001fd40eef99c
Event: 34.397 Thread 0x000001fd5068e390 Implicit null exception at 0x000001fd40e9e9f9 to 0x000001fd40e9f148
Event: 34.427 Thread 0x000001fd5068e390 Exception <a 'java/lang/NoSuchMethodError'{0x00000007104e8910}: 'int java.lang.invoke.DirectMethodHandle$Holder.invokeStatic(java.lang.Object, java.lang.Object, java.lang.Object, java.lang.Object)'> (0x00000007104e8910)
thrown [s\open\src\hotspot\share\interpreter\linkResolver.cpp, line 805]
Event: 34.471 Thread 0x000001fd5068e390 Exception <a 'java/lang/NoSuchMethodError'{0x00000007100f3e40}: 'void java.lang.invoke.DirectMethodHandle$Holder.invokeSpecial(java.lang.Object, java.lang.Object, int)'> (0x00000007100f3e40)
thrown [s\open\src\hotspot\share\interpreter\linkResolver.cpp, line 805]
Event: 34.471 Thread 0x000001fd5068e390 Exception <a 'java/lang/NoSuchMethodError'{0x00000007100fba60}: 'void java.lang.invoke.Invokers$Holder.invokeExact_MT(java.lang.Object, int, java.lang.Object)'> (0x00000007100fba60)
thrown [s\open\src\hotspot\share\interpreter\linkResolver.cpp, line 805]
Event: 34.472 Thread 0x000001fd5068e390 Exception <a 'java/lang/NoSuchMethodError'{0x0000000710116170}: 'void java.lang.invoke.DirectMethodHandle$Holder.invokeStatic(java.lang.Object, java.lang.Object, int)'> (0x0000000710116170)
thrown [s\open\src\hotspot\share\interpreter\linkResolver.cpp, line 805]
Event: 34.473 Thread 0x000001fd5068e390 Exception <a 'java/lang/NoSuchMethodError'{0x0000000710125078}: 'java.lang.Object java.lang.invoke.DirectMethodHandle$Holder.newInvokeSpecial(java.lang.Object, java.lang.Object, int)'> (0x0000000710125078)
thrown [s\open\src\hotspot\share\interpreter\linkResolver.cpp, line 805]
Event: 34.475 Thread 0x000001fd5068e390 Exception <a 'sun/nio/fs/WindowsException'{0x0000000710158ff0}> (0x0000000710158ff0)
thrown [s\open\src\hotspot\share\prims\jni.cpp, line 518]
Event: 34.477 Thread 0x000001fd5068e390 Exception <a 'sun/nio/fs/WindowsException'{0x0000000710165de0}> (0x0000000710165de0)
thrown [s\open\src\hotspot\share\prims\jni.cpp, line 518]
Event: 34.479 Thread 0x000001fd5068e390 Exception <a 'sun/nio/fs/WindowsException'{0x0000000710177b10}> (0x0000000710177b10)
thrown [s\open\src\hotspot\share\prims\jni.cpp, line 518]

VM Operations (18 events):
Event: 0.078 Executing VM operation: HandshakeAllThreads (Deoptimize)
Event: 0.079 Executing VM operation: HandshakeAllThreads (Deoptimize) done
Event: 0.207 Executing VM operation: HandshakeAllThreads (Deoptimize)
Event: 0.207 Executing VM operation: HandshakeAllThreads (Deoptimize) done
Event: 0.263 Executing VM operation: HandshakeAllThreads (Deoptimize)
Event: 0.263 Executing VM operation: HandshakeAllThreads (Deoptimize) done
Event: 0.315 Executing VM operation: HandshakeAllThreads (Deoptimize)
Event: 0.315 Executing VM operation: HandshakeAllThreads (Deoptimize) done
Event: 0.333 Executing VM operation: HandshakeAllThreads (Deoptimize)
Event: 0.333 Executing VM operation: HandshakeAllThreads (Deoptimize) done
Event: 0.384 Executing VM operation: HandshakeAllThreads (Deoptimize)
Event: 0.384 Executing VM operation: HandshakeAllThreads (Deoptimize) done
Event: 23.842 Executing VM operation: G1CollectForAllocation (G1 Evacuation Pause)
Event: 23.845 Executing VM operation: G1CollectForAllocation (G1 Evacuation Pause) done
Event: 34.473 Executing VM operation: HandshakeAllThreads (Deoptimize)
Event: 34.473 Executing VM operation: HandshakeAllThreads (Deoptimize) done
Event: 34.492 Executing VM operation: JFRSafepointClear
Event: 34.492 Executing VM operation: JFRSafepointClear done

Memory protections (0 events):
No events

Nmethod flushes (0 events):
No events

Events (20 events):
Event: 0.115 Thread 0x000001fd30adadc0 Thread added: 0x000001fd50690820
Event: 0.115 Thread 0x000001fd30adadc0 Thread added: 0x000001fd50a75240
Event: 0.116 Thread 0x000001fd30adadc0 Thread added: 0x000001fd50a76830
Event: 0.148 Thread 0x000001fd506ae8b0 Thread added: 0x000001fd9666f180
Event: 0.183 Thread 0x000001fd506ae8b0 Thread added: 0x000001fd9665f3c0
Event: 0.243 Thread 0x000001fd5068e390 Thread added: 0x000001fd50a776d0
Event: 0.250 Thread 0x000001fd50a776d0 Thread added: 0x000001fd50a75990
Event: 0.259 Thread 0x000001fd50a75990 Thread added: 0x000001fd50a74af0
Event: 0.262 Thread 0x000001fd50a75990 Thread added: 0x000001fd50a760e0
Event: 0.316 Thread 0x000001fd30adadc0 Thread added: 0x000001fd50a743a0
Event: 0.320 Thread 0x000001fd50a76830 Thread added: 0x000001fd50a7a2b0
Event: 0.369 Thread 0x000001fd30adadc0 Thread exited: 0x000001fd30adadc0
Event: 0.369 Thread 0x000001fd50a76f80 Thread added: 0x000001fd50a76f80
Event: 0.372 Thread 0x000001fd50a7a2b0 Thread added: 0x000001fd50a79b60
Event: 0.482 Thread 0x000001fd9666f180 Thread exited: 0x000001fd9666f180
Event: 0.482 Thread 0x000001fd9665f3c0 Thread exited: 0x000001fd9665f3c0
Event: 34.384 Thread 0x000001fd506ae8b0 Thread added: 0x000001fd97008d10
Event: 34.385 Thread 0x000001fd506aaf50 Thread added: 0x000001fd970094a0
Event: 34.401 Thread 0x000001fd5068e390 Thread added: 0x000001fd50a78cc0
Event: 34.473 Thread 0x000001fd5068e390 Thread added: 0x000001fd50a77e20


Dynamic libraries:
0x00007ff6c18d0000 - 0x00007ff6c18de000 	C:\Users\pc\.jdks\openjdk-24\bin\java.exe
0x00007ffa030e0000 - 0x00007ffa03346000 	C:\WINDOWS\SYSTEM32\ntdll.dll
0x00007ffa023f0000 - 0x00007ffa024b9000 	C:\WINDOWS\System32\KERNEL32.DLL
0x00007ffa005d0000 - 0x00007ffa0099c000 	C:\WINDOWS\System32\KERNELBASE.dll
0x00007ffa00240000 - 0x00007ffa0038b000 	C:\WINDOWS\System32\ucrtbase.dll
0x00007ff9fcd20000 - 0x00007ff9fcd36000 	C:\Users\pc\.jdks\openjdk-24\bin\jli.dll
0x00007ff9fcd00000 - 0x00007ff9fcd1b000 	C:\Users\pc\.jdks\openjdk-24\bin\VCRUNTIME140.dll
0x00007ffa02520000 - 0x00007ffa026ea000 	C:\WINDOWS\System32\USER32.dll
0x00007ffa00e40000 - 0x00007ffa00e67000 	C:\WINDOWS\System32\win32u.dll
0x00007ffa02340000 - 0x00007ffa0236b000 	C:\WINDOWS\System32\GDI32.dll
0x00007ff9e9760000 - 0x00007ff9e99fa000 	C:\WINDOWS\WinSxS\amd64_microsoft.windows.common-controls_6595b64144ccf1df_6.0.26100.3912_none_3e07963ce335137e\COMCTL32.dll
0x00007ffa00d00000 - 0x00007ffa00e32000 	C:\WINDOWS\System32\gdi32full.dll
0x00007ffa01170000 - 0x00007ffa01219000 	C:\WINDOWS\System32\msvcrt.dll
0x00007ffa00b20000 - 0x00007ffa00bc3000 	C:\WINDOWS\System32\msvcp_win.dll
0x00007ffa02270000 - 0x00007ffa022a0000 	C:\WINDOWS\System32\IMM32.DLL
0x00007ff9fccf0000 - 0x00007ff9fccfc000 	C:\Users\pc\.jdks\openjdk-24\bin\vcruntime140_1.dll
0x00007ff9fb860000 - 0x00007ff9fb8ee000 	C:\Users\pc\.jdks\openjdk-24\bin\msvcp140.dll
0x00007ff9cfda0000 - 0x00007ff9d0b42000 	C:\Users\pc\.jdks\openjdk-24\bin\server\jvm.dll
0x00007ffa01880000 - 0x00007ffa01932000 	C:\WINDOWS\System32\ADVAPI32.dll
0x00007ffa02880000 - 0x00007ffa02926000 	C:\WINDOWS\System32\sechost.dll
0x00007ffa00e70000 - 0x00007ffa00f86000 	C:\WINDOWS\System32\RPCRT4.dll
0x00007ffa02800000 - 0x00007ffa02874000 	C:\WINDOWS\System32\WS2_32.dll
0x00007ff9fee90000 - 0x00007ff9feeee000 	C:\WINDOWS\SYSTEM32\POWRPROF.dll
0x00007ff9f89f0000 - 0x00007ff9f89fb000 	C:\WINDOWS\SYSTEM32\VERSION.dll
0x00007ff9f4070000 - 0x00007ff9f40a6000 	C:\WINDOWS\SYSTEM32\WINMM.dll
0x00007ff9fee70000 - 0x00007ff9fee84000 	C:\WINDOWS\SYSTEM32\UMPDC.dll
0x00007ff9ff120000 - 0x00007ff9ff13a000 	C:\WINDOWS\SYSTEM32\kernel.appcore.dll
0x00007ff9fcce0000 - 0x00007ff9fccea000 	C:\Users\pc\.jdks\openjdk-24\bin\jimage.dll
0x00007ff9fd900000 - 0x00007ff9fdb41000 	C:\WINDOWS\SYSTEM32\DBGHELP.DLL
0x00007ffa02c60000 - 0x00007ffa02fe4000 	C:\WINDOWS\System32\combase.dll
0x00007ffa01220000 - 0x00007ffa01300000 	C:\WINDOWS\System32\OLEAUT32.dll
0x00007ff9e1c50000 - 0x00007ff9e1c89000 	C:\WINDOWS\SYSTEM32\dbgcore.DLL
0x00007ffa00c60000 - 0x00007ffa00cf9000 	C:\WINDOWS\System32\bcryptPrimitives.dll
0x00007ff9fccd0000 - 0x00007ff9fccdf000 	C:\Users\pc\.jdks\openjdk-24\bin\instrument.dll
0x00007ff9fccb0000 - 0x00007ff9fccce000 	C:\Users\pc\.jdks\openjdk-24\bin\java.dll
0x00007ffa020a0000 - 0x00007ffa0223f000 	C:\WINDOWS\System32\ole32.dll
0x00007ffa01940000 - 0x00007ffa0206d000 	C:\WINDOWS\System32\SHELL32.dll
0x00007ffa009a0000 - 0x00007ffa00b14000 	C:\WINDOWS\System32\wintypes.dll
0x00007ff9fdf10000 - 0x00007ff9fe766000 	C:\WINDOWS\SYSTEM32\windows.storage.dll
0x00007ffa02700000 - 0x00007ffa027ef000 	C:\WINDOWS\System32\SHCORE.dll
0x00007ffa02bf0000 - 0x00007ffa02c59000 	C:\WINDOWS\System32\shlwapi.dll
0x00007ffa00150000 - 0x00007ffa0017f000 	C:\WINDOWS\SYSTEM32\profapi.dll
0x00007ff9e8f60000 - 0x00007ff9e9037000 	C:\Users\pc\.jdks\openjdk-24\bin\jsvml.dll
0x00007ff9fb810000 - 0x00007ff9fb827000 	C:\Users\pc\.jdks\openjdk-24\bin\zip.dll
0x00007ff9fb850000 - 0x00007ff9fb860000 	C:\Users\pc\.jdks\openjdk-24\bin\net.dll
0x00007ff9ff690000 - 0x00007ff9ff6fa000 	C:\WINDOWS\system32\mswsock.dll
0x00007ff9fb830000 - 0x00007ff9fb846000 	C:\Users\pc\.jdks\openjdk-24\bin\nio.dll
0x00007ff9fb800000 - 0x00007ff9fb809000 	C:\Users\pc\.jdks\openjdk-24\bin\extnet.dll
0x00007ff9dfae0000 - 0x00007ff9dfc5e000 	C:\Users\pc\.jdks\openjdk-24\bin\awt.dll
0x00007ff9fcdb0000 - 0x00007ff9fce4e000 	C:\WINDOWS\SYSTEM32\apphelp.dll
0x00007ff9febc0000 - 0x00007ff9fece7000 	C:\WINDOWS\SYSTEM32\DNSAPI.dll
0x00007ff9feb20000 - 0x00007ff9feb53000 	C:\WINDOWS\SYSTEM32\IPHLPAPI.DLL
0x00007ffa026f0000 - 0x00007ffa026fa000 	C:\WINDOWS\System32\NSI.dll
0x00007ff9e8b00000 - 0x00007ff9e8b0b000 	C:\Windows\System32\rasadhlp.dll
0x00007ff9f8960000 - 0x00007ff9f89e6000 	C:\WINDOWS\System32\fwpuclnt.dll
0x00007ff9fb7f0000 - 0x00007ff9fb7fa000 	C:\Users\pc\.jdks\openjdk-24\bin\management.dll
0x00007ff9fb7e0000 - 0x00007ff9fb7eb000 	C:\Users\pc\.jdks\openjdk-24\bin\management_ext.dll
0x00007ffa013d0000 - 0x00007ffa013d8000 	C:\WINDOWS\System32\PSAPI.DLL
0x00007ff9fd330000 - 0x00007ff9fd366000 	C:\WINDOWS\system32\DWMAPI.DLL
0x00007ff9fcef0000 - 0x00007ff9fcf9f000 	C:\WINDOWS\system32\uxtheme.dll
0x00007ff96e4f0000 - 0x00007ff96e5fc000 	C:\WINDOWS\system32\opengl32.dll
0x00007ff9e0700000 - 0x00007ff9e072d000 	C:\WINDOWS\SYSTEM32\GLU32.dll
0x00007ff9fd0f0000 - 0x00007ff9fd137000 	C:\WINDOWS\SYSTEM32\dxcore.dll
0x00007ffa02a80000 - 0x00007ffa02bdf000 	C:\WINDOWS\System32\MSCTF.dll
0x00007ff9cb800000 - 0x00007ff9cb9b5000 	C:\WINDOWS\system32\d3d9.dll
0x00007ff9f8a00000 - 0x00007ff9f8ac2000 	C:\WINDOWS\System32\DriverStore\FileRepository\nv_dispi.inf_amd64_0fb2df354c49e826\nvldumdx.dll
0x00007ff9ffa50000 - 0x00007ff9ffa63000 	C:\WINDOWS\SYSTEM32\msasn1.dll
0x00007ff9f8920000 - 0x00007ff9f895b000 	C:\WINDOWS\SYSTEM32\cryptnet.dll
0x00007ffa00450000 - 0x00007ffa005c7000 	C:\WINDOWS\System32\CRYPT32.dll
0x00007ff9ff950000 - 0x00007ff9ff95c000 	C:\WINDOWS\SYSTEM32\cryptbase.dll
0x00007ff9ff9f0000 - 0x00007ff9ffa4d000 	C:\WINDOWS\SYSTEM32\wldp.dll
0x00007ff9f87a0000 - 0x00007ff9f891c000 	C:\WINDOWS\SYSTEM32\drvstore.dll
0x00007ff9ffe80000 - 0x00007ff9ffead000 	C:\WINDOWS\SYSTEM32\devobj.dll
0x00007ff9ffeb0000 - 0x00007ff9fff07000 	C:\WINDOWS\SYSTEM32\cfgmgr32.dll
0x00007ffa00bd0000 - 0x00007ffa00c50000 	C:\WINDOWS\System32\wintrust.dll
0x00007ffa02070000 - 0x00007ffa02090000 	C:\WINDOWS\System32\imagehlp.dll
0x00007ff9ff930000 - 0x00007ff9ff94c000 	C:\WINDOWS\SYSTEM32\CRYPTSP.dll
0x00007ff9ff080000 - 0x00007ff9ff0ba000 	C:\WINDOWS\system32\rsaenh.dll
0x00007ffa00120000 - 0x00007ffa00146000 	C:\WINDOWS\SYSTEM32\bcrypt.dll
0x00007ff9f4c50000 - 0x00007ff9f83eb000 	C:\WINDOWS\System32\DriverStore\FileRepository\nv_dispi.inf_amd64_0fb2df354c49e826\nvgpucomp64.dll
0x00007ff9f41c0000 - 0x00007ff9f4297000 	C:\WINDOWS\System32\DriverStore\FileRepository\nv_dispi.inf_amd64_0fb2df354c49e826\NvMemMapStoragex.dll
0x00007ff960ef0000 - 0x00007ff962fb7000 	C:\WINDOWS\System32\DriverStore\FileRepository\nv_dispi.inf_amd64_0fb2df354c49e826\nvd3dumx.dll
0x00007ff9fd140000 - 0x00007ff9fd1a0000 	C:\WINDOWS\SYSTEM32\directxdatabasehelper.dll
0x00007ff9ff730000 - 0x00007ff9ff75b000 	C:\WINDOWS\SYSTEM32\USERENV.dll
0x00007ff9c3ba0000 - 0x00007ff9c3ea4000 	C:\WINDOWS\system32\nvspcap64.dll
0x00007ff9ff240000 - 0x00007ff9ff275000 	C:\WINDOWS\SYSTEM32\ntmarta.dll
0x00007ff9c97a0000 - 0x00007ff9c97b8000 	C:\WINDOWS\system32\napinsp.dll
0x00007ff9c88a0000 - 0x00007ff9c88b2000 	C:\WINDOWS\System32\winrnr.dll
0x00007ff9c97f0000 - 0x00007ff9c9820000 	C:\WINDOWS\system32\nlansp_c.dll
0x00007ff9c67d0000 - 0x00007ff9c67f0000 	C:\WINDOWS\system32\wshbth.dll
0x00007ff9ff700000 - 0x00007ff9ff727000 	C:\WINDOWS\SYSTEM32\gpapi.dll
0x00007ff9c4d20000 - 0x00007ff9c4ed4000 	C:\WINDOWS\System32\DriverStore\FileRepository\nv_dispi.inf_amd64_0fb2df354c49e826\nvppex.dll
0x00007ff9e08c0000 - 0x00007ff9e0947000 	C:\Users\pc\.jdks\openjdk-24\bin\freetype.dll
0x00007ff9e05f0000 - 0x00007ff9e06c7000 	C:\Users\pc\.jdks\openjdk-24\bin\fontmanager.dll
0x00007ff9e47b0000 - 0x00007ff9e48fd000 	C:\WINDOWS\SYSTEM32\textinputframework.dll
0x00007ff9fc830000 - 0x00007ff9fc956000 	C:\WINDOWS\SYSTEM32\CoreMessaging.dll
0x00007ff9f8f70000 - 0x00007ff9f9253000 	C:\WINDOWS\SYSTEM32\CoreUIComponents.dll
0x00007ff9cf910000 - 0x00007ff9cfb1e000 	C:\Users\pc\AppData\Local\Temp\idea_libasyncProfiler_dll_temp_folder1\libasyncProfiler.dll

dbghelp: loaded successfully - version: 4.0.5 - missing functions: none
symbol engine: initialized successfully - sym options: 0x614 - pdb path: .;C:\Users\pc\.jdks\openjdk-24\bin;C:\WINDOWS\SYSTEM32;C:\WINDOWS\WinSxS\amd64_microsoft.windows.common-controls_6595b64144ccf1df_6.0.26100.3912_none_3e07963ce335137e;C:\Users\pc\.jdks\openjdk-24\bin\server;C:\WINDOWS\System32\DriverStore\FileRepository\nv_dispi.inf_amd64_0fb2df354c49e826;C:\Users\pc\AppData\Local\Temp\idea_libasyncProfiler_dll_temp_folder1

VM Arguments:
jvm_args: -javaagent:C:\Program Files\JetBrains\IntelliJ IDEA 2024.3.5\lib\idea_rt.jar=55635 -Dfile.encoding=UTF-8 -Dsun.stdout.encoding=UTF-8 -Dsun.stderr.encoding=UTF-8
java_command: Extras.Window
java_class_path (initial): D:\EISA_PC\Documents\JavaProjects\Physics\PhysicsProjects\out\production\PhysicsProjects
Launcher Type: SUN_STANDARD

[Global flags]
     intx CICompilerCount                          = 4                                         {product} {ergonomic}
     uint ConcGCThreads                            = 3                                         {product} {ergonomic}
     bool FlightRecorder                           = true                                      {product} {management}
     uint G1ConcRefinementThreads                  = 10                                        {product} {ergonomic}
   size_t G1HeapRegionSize                         = 2097152                                   {product} {ergonomic}
   size_t InitialHeapSize                          = 268435456                                 {product} {ergonomic}
   size_t MarkStackSize                            = 4194304                                   {product} {ergonomic}
   size_t MarkStackSizeMax                         = 536870912                                 {product} {ergonomic}
   size_t MaxHeapSize                              = 4273995776                                {product} {ergonomic}
   size_t MaxNewSize                               = 2562719744                                {product} {ergonomic}
   size_t MinHeapDeltaBytes                        = 2097152                                   {product} {ergonomic}
   size_t MinHeapSize                              = 8388608                                   {product} {ergonomic}
    uintx NonNMethodCodeHeapSize                   = 5832704                                {pd product} {ergonomic}
    uintx NonProfiledCodeHeapSize                  = 122945536                              {pd product} {ergonomic}
    uintx ProfiledCodeHeapSize                     = 122880000                              {pd product} {ergonomic}
    uintx ReservedCodeCacheSize                    = 251658240                              {pd product} {ergonomic}
     bool SegmentedCodeCache                       = true                                      {product} {ergonomic}
   size_t SoftMaxHeapSize                          = 4273995776                             {manageable} {ergonomic}
     bool UseCompressedOops                        = true                           {product lp64_product} {ergonomic}
     bool UseG1GC                                  = true                                      {product} {ergonomic}
     bool UseLargePagesIndividualAllocation        = false                                  {pd product} {ergonomic}

Logging:
Log output configuration:
 #0: stdout all=warning uptime,level,tags foldmultilines=false
 #1: stderr all=off uptime,level,tags foldmultilines=false

Environment Variables:
JAVA_HOME=C:\Program Files\Java\jdk-15.0.2
PATH=C:\Program Files\Python312\Scripts\;C:\Program Files\Python312\;C:\dev\flutter\bin;C:\Program Files\Microsoft\jdk-11.0.16.101-hotspot\bin;C:\Program Files\Eclipse Adoptium\jdk-11.0.16.8-hotspot\bin;C:\Program Files\Eclipse Foundation\jdk-8.0.302.8-hotspot\bin;C:\Program Files\Java\jdk-15.0.2\bin;C:\Program Files\Common Files\Oracle\Java\javapath;C:\Program Files (x86)\Common Files\Oracle\Java\javapath;C:\Windows\system32;C:\Windows;C:\Windows\System32\Wbem;C:\Windows\System32\WindowsPowerShell\v1.0\;C:\Windows\System32\OpenSSH\;C:\Program Files (x86)\NVIDIA Corporation\PhysX\Common;C:\Program Files\dotnet\;C:\WINDOWS\system32;C:\WINDOWS;C:\WINDOWS\System32\Wbem;C:\WINDOWS\System32\WindowsPowerShell\v1.0\;C:\WINDOWS\System32\OpenSSH\;C:\Program Files\Git\cmd;C:\Users\pc\AppData\Local\Pandoc;;C:\Program Files\NVIDIA Corporation\NVIDIA app\NvDLISR;C:\dev\flutter\bin;C:\Users\pc;C:\Program Files\Java\jdk-15.0.2\bin;C:\Windows\system32;C:\Windows;C:\Windows\System32\Wbem;C:\Windows\System32\WindowsPowerShell\v1.0\;C:\Windows\System32\OpenSSH\;C:\Program Files (x86)\NVIDIA Corporation\PhysX\Common;C:\Program Files\NVIDIA Corporation\NVIDIA NvDLISR;C:\Users\pc\AppData\Local\Microsoft\WindowsApps;C:\Users\pc\.dotnet\tools;C:\Users\pc\AppData\Local\Microsoft\WindowsApps;C:\Program Files\Python312\python.exe;C:\Program Files\JetBrains\PyCharm Community Edition 2023.3.2\bin;;C:\Users\pc\AppData\Local\Pandoc\;C:\Users\pc\AppData\Local\Programs\MiKTeX\miktex\bin\x64\;;C:\Program Files\JetBrains\IntelliJ IDEA 2024.3.5\bin;
USERNAME=pc
OS=Windows_NT
PROCESSOR_IDENTIFIER=AMD64 Family 25 Model 33 Stepping 0, AuthenticAMD
TMP=C:\Users\pc\AppData\Local\Temp
TEMP=C:\Users\pc\AppData\Local\Temp




Periodic native trim disabled

---------------  S Y S T E M  ---------------

OS:
 Windows 11 , 64 bit Build 26100 (10.0.26100.3912)
OS uptime: 0 days 4:19 hours

CPU: total 12 (initial active 12) (12 cores per cpu, 2 threads per core) family 25 model 33 stepping 0 microcode 0xa201016, cx8, cmov, fxsr, ht, mmx, 3dnowpref, sse, sse2, sse3, ssse3, sse4a, sse4.1, sse4.2, popcnt, lzcnt, tsc, tscinvbit, avx, avx2, aes, erms, clmul, bmi1, bmi2, adx, sha, fma, vzeroupper, clflush, clflushopt, rdtscp, rdpid, fsrm, f16c, pku, cet_ss
Processor Information for the first 12 processors :
  Max Mhz: 3701, Current Mhz: 3701, Mhz Limit: 3701

Memory: 4k page, system-wide physical 16298M (6240M free)
TotalPageFile size 16432M (AvailPageFile size 2931M)
current process WorkingSet (physical memory assigned to process): 169M, peak: 169M
current process commit charge ("private bytes"): 465M, peak: 472M

vm_info: OpenJDK 64-Bit Server VM (24+36-3646) for windows-amd64 JRE (24+36-3646), built on 2025-02-06T00:20:43Z with MS VC++ 17.6 (VS2022)

END.
